2014-06-21T18:36:49.489876+00:00 app[web.1]:               ^
2014-06-21T18:36:49.489856+00:00 app[web.1]:         throw er; // Unhandled 'error' event
2014-06-21T18:36:49.491625+00:00 app[web.1]:     at Server._listen2 (net.js:1023:19)
2014-06-21T18:36:49.491627+00:00 app[web.1]:     at listen (net.js:1064:10)
2014-06-21T18:36:49.491629+00:00 app[web.1]:     at Server.listen (net.js:1138:5)
2014-06-21T18:36:49.491631+00:00 app[web.1]:     at Object.<anonymous> (/app/server.js:43:4)
2014-06-21T18:36:49.489280+00:00 app[web.1]: 
2014-06-21T18:36:49.491634+00:00 app[web.1]:     at Object.Module._extensions..js (module.js:474:10)
2014-06-21T18:36:49.491635+00:00 app[web.1]:     at Module.load (module.js:356:32)
2014-06-21T18:36:49.491632+00:00 app[web.1]:     at Module._compile (module.js:456:26)
2014-06-21T18:36:49.491624+00:00 app[web.1]:     at errnoException (net.js:904:11)
2014-06-21T18:36:49.491621+00:00 app[web.1]: Error: listen EACCES
2014-06-21T18:36:49.491637+00:00 app[web.1]:     at Function.Module._load (module.js:312:12)
2014-06-21T18:36:49.491639+00:00 app[web.1]:     at Function.Module.runMain (module.js:497:10)
2014-06-21T18:36:50.962667+00:00 heroku[web.1]: State changed from starting to crashed
2014-06-21T18:36:51.753317+00:00 heroku[router]: at=error code=H10 desc="App crashed" method=GET path="/" host=epam-tasks-app.herokuapp.com request_id=55df2405-908f-4731-ad72-61a2ce684371 fwd="89.105.248.116" dyno= connect= service= status=503 bytes=
2014-06-21T18:36:52.188629+00:00 heroku[router]: at=error code=H10 desc="App crashed" method=GET path="/favicon.ico" host=epam-tasks-app.herokuapp.com request_id=b9acf0d2-6942-40b9-ba3f-0ca8ed93aa4a fwd="89.105.248.116" dyno= connect= service= status=503 bytes=
2014-06-21T18:36:48.138594+00:00 heroku[web.1]: Starting process with command `node server.js`
2014-06-21T18:36:50.951724+00:00 heroku[web.1]: Process exited with status 8
2014-06-21T18:37:15.185749+00:00 heroku[run.1052]: Awaiting client
2014-06-21T18:37:15.314060+00:00 heroku[run.1052]: State changed from starting to up
2014-06-21T18:37:13.112414+00:00 heroku[api]: Starting process with command `node` by vvkohut@gmail.com
2014-06-21T18:37:15.244210+00:00 heroku[run.1052]: Starting process with command `node`
2014-06-21T18:37:48.047629+00:00 heroku[router]: at=error code=H10 desc="App crashed" method=GET path="/" host=epam-tasks-app.herokuapp.com request_id=adc13199-5010-4372-bb43-c90e48785d62 fwd="89.105.248.116" dyno= connect= service= status=503 bytes=
2014-06-21T18:37:48.329618+00:00 heroku[router]: at=error code=H10 desc="App crashed" method=GET path="/favicon.ico" host=epam-tasks-app.herokuapp.com request_id=796c5cd2-a845-4e06-a889-7c07170b7c4d fwd="89.105.248.116" dyno= connect= service= status=503 bytes=
2014-06-21T18:38:22.619195+00:00 heroku[run.1052]: State changed from up to complete
2014-06-21T18:38:22.606933+00:00 heroku[run.1052]: Process exited with status 0
2014-06-21T18:39:52.691125+00:00 heroku[web.1]: State changed from crashed to starting
2014-06-21T18:39:55.19047
6+00:00 app[web.1]:     at Server._listen2 (net.js:1023:19)
2014-06-21T18:39:55.188086+00:00 app[web.1]:         throw er; // Unhandled 'error' event
2014-06-21T18:39:55.190482+00:00 app[web.1]:     at Module._compile (module.js:456:26)
2014-06-21T18:39:55.190480+00:00 app[web.1]:     at Server.listen (net.js:1138:5)
2014-06-21T18:39:55.190485+00:00 app[web.1]:     at Module.load (module.js:356:32)
2014-06-21T18:39:55.190471+00:00 app[web.1]: Error: listen EACCES
2014-06-21T18:39:55.187002+00:00 app[web.1]: 
2014-06-21T18:39:55.190475+00:00 app[web.1]:     at errnoException (net.js:904:11)
2014-06-21T18:39:55.190481+00:00 app[web.1]:     at Object.<anonymous> (/app/server.js:43:4)
2014-06-21T18:39:55.190490+00:00 app[web.1]:     at Function.Module.runMain (module.js:497:10)
2014-06-21T18:39:55.190478+00:00 app[web.1]:     at listen (net.js:1064:10)
2014-06-21T18:39:55.190484+00:00 app[web.1]:     at Object.Module._extensions..js (module.js:474:10)
2014-06-21T18:39:55.188306+00:00 app[web.1]:               ^
2014-06-21T18:39:55.187671+00:00 app[web.1]: events.js:72
2014-06-21T18:39:55.190488+00:00 app[web.1]:     at Function.Module._load (module.js:312:12)
2014-06-21T18:39:56.491999+00:00 heroku[web.1]: State changed from starting to crashed
2014-06-21T18:39:54.195985+00:00 heroku[web.1]: Starting process with command `node server.js`
2014-06-21T18:39:56.486663+00:00 heroku[web.1]: Process exited with status 8
2014-06-21T18:44:53.672658+00:00 heroku[run.5920]: State changed from starting to up
2014-06-21T18:44:50.814580+00:00 heroku[api]: Starting process with command `npm start` by vvkohut@gmail.com
2014-06-21T18:44:53.958618+00:00 heroku[run.5920]: Starting process with command `npm start`
2014-06-21T18:44:53.864966+00:00 heroku[run.5920]: Awaiting client
2014-06-21T18:44:57.345429+00:00 heroku[run.5920]: State changed from up to complete
2014-06-21T18:44:57.310519+00:00 heroku[run.5920]: Process exited with status 1
2014-06-21T18:45:15.622153+00:00 heroku[api]: Starting process with command `npm install` by vvkohut@gmail.com
2014-06-21T18:45:18.426925+00:00 heroku[run.9586]: State changed from starting to up
2014-06-21T18:45:18.721715+00:00 heroku[run.9586]: Awaiting client
2014-06-21T18:45:18.823948+00:00 heroku[run.9586]: Starting process with command `npm install`
2014-06-21T18:45:23.997473+00:00 heroku[run.9586]: State changed from up to complete
2014-06-21T18:45:23.983889+00:00 heroku[run.9586]: Process exited with status 0
2014-06-21T18:45:34.394506+00:00 heroku[api]: Starting process with command `npm install mime` by vvkohut@gmail.com
2014-06-21T18:45:36.408229+00:00 heroku[run.5817]: State changed from starting to up
2014-06-21T18:45:38.330482+00:00 heroku[run.5817]: State changed from up to complete
2014-06-21T18:45:36.230511+00:00 heroku[run.5817]: Starting process with command `npm install mime`
2014-06-21T18:45:36.199548+00:00 heroku[run.5817]: Awaiting client
2014-06-21T18:45:38.324963+00:00 heroku[run.5817]: Process exited with status 0
2014-06-21T18:45:53.721259+00:00 heroku[run.2012]: State changed from starting to up
2014-06-21T18:45:51.195186+00:00 heroku[api]: Starting process with command `node server.js` by vvkohut@gmail.com
2014-06-21T18:45:55.178096+00:00 heroku[run.2012]: State changed from up to complete
2014-06-21T18:45:53.572981+00:00 heroku[run.2012]: Awaiting client
2014-06-21T18:45:55.162848+00:00 heroku[run.2012]: Process exited with status 8
2014-06-21T18:45:53.607208+00:00 heroku[run.2012]: Starting process with command `node server.js`
2014-06-21T18:48:43.590914+00:00 heroku[router]: at=error code=H10 desc="App crashed" method=GET path="/" host=epam-tasks-app.herokuapp.com request_id=1f7a078a-f3cd-48b0-9275-09c3ac2a7435 fwd="89.105.248.116" dyno= connect= service= status=503 bytes=
2014-06-21T18:48:43.785443+00:00 heroku[router]: at=error code=H10 desc="App crashed" method=GET path="/favicon.ico" host=epam-tasks-app.herokuapp.com request_id=6553accc-55a6-47d9-842b-3feb640a2af2 fwd="89.105.248.116" dyno= connect= service= status=503 bytes=
2014-06-21T18:52:17+00:00 heroku[slug-compiler]: Slug compilation started
2014-06-21T18:52:20.798879+00:00 heroku[web.1]: State changed from crashed to starting
2014-06-21T18:52:20+00:00 heroku[slug-compiler]: Slug compilation finished
2014-06-21T18:52:23.257370+00:00 app[web.1]: server started ...
2014-06-21T18:52:23.251111+00:00 app[web.1]: Starting
2014-06-21T18:52:20.700411+00:00 heroku[api]: Deploy 4271222 by vvkohut@gmail.com
2014-06-21T18:52:20.700505+00:00 heroku[api]: Release v6 created by vvkohut@gmail.com
2014-06-21T18:52:22.141089+00:00 heroku[web.1]: Starting process with command `node server.js`
2014-06-21T18:53:24.060283+00:00 heroku[web.1]: State changed from starting to crashed
2014-06-21T18:53:24.061065+00:00 heroku[web.1]: State changed from crashed to starting
2014-06-21T18:53:26.324545+00:00 app[web.1]: Starting
2014-06-21T18:53:26.333859+00:00 app[web.1]: server started ...
2014-06-21T18:53:22.724688+00:00 heroku[web.1]: Stopping process with SIGKILL
2014-06-21T18:53:22.724241+00:00 heroku[web.1]: Error R10 (Boot timeout) -> Web process failed to bind to $PORT within 60 seconds of launch
2014-06-21T18:53:24.048576+00:00 heroku[web.1]: Process exited with status 137
2014-06-21T18:53:25.255425+00:00 heroku[web.1]: Starting process with command `node server.js`
2014-06-21T18:54:12.081786+00:00 heroku[router]: at=error code=H20 desc="App boot timeout" method=GET path="/" host=epam-tasks-app.herokuapp.com request_id=dca1d82b-81be-40d4-a00e-93aff2c086b2 fwd="89.105.248.116" dyno= connect= service= status=503 bytes=
2014-06-21T18:54:26.497788+00:00 heroku[web.1]: State changed from starting to crashed
2014-06-21T18:54:25.309840+00:00 heroku[web.1]: Error R10 (Boot timeout) -> Web process failed to bind to $PORT within 60 seconds of launch
2014-06-21T18:54:25.310090+00:00 heroku[web.1]: Stopping process with SIGKILL
2014-06-21T18:54:26.483052+00:00 heroku[web.1]: Process exited with status 137
2014-06-21T18:54:46.084640+00:00 heroku[web.1]: State changed from crashed to starting
2014-06-21T18:54:48.705786+00:00 app[web.1]: server started ...
2014-06-21T18:54:48.699244+00:00 app[web.1]: Starting
2014-06-21T18:54:47.730136+00:00 heroku[web.1]: Starting process with command `node server.js`
2014-06-21T18:55:49.471097+00:00 heroku[web.1]: State changed from starting to crashed
2014-06-21T18:55:47.885828+00:00 heroku[web.1]: Stopping process with SIGKILL
2014-06-21T18:55:47.885595+00:00 heroku[web.1]: Error R10 (Boot timeout) -> Web process failed to bind to $PORT within 60 seconds of launch
2014-06-21T18:55:49.460025+00:00 heroku[web.1]: Process exited with status 137
